[1/4] 转换 public/assets/*/v1.png → v1.webp ...
  已转 30 ...
  已转 60 ...
  已转 90 ...
  已转 120 ...
  已转 150 ...
  已转 180 ...
  已转 210 ...
  已转 240 ...
  已转 270 ...
  转换完成: 289 张转换，0 张已转跳过，0 张失败
  体积: 694.4MB → 91.0MB

[2/4] 更新 src/data/cases/*.json 的 image_url ...
  更新 289 个 case JSON

[3/4] 更新 src/data/templates/*.json 的 preview_image ...
  更新 15 个 template JSON

[4/4] 更新 src/app/page.tsx 硬编码 /assets/.../v1.png ...
  ✓ page.tsx 已更新

=== 完成 ===
下一步: cd site && git add -A && git commit -m "perf(assets): PNG→WebP 压缩，体积 -75%" && git push
